[2025-02-12 00:30:44.129] [jointLog] [info] setting maxHashResizeThreads to 4
[2025-02-12 00:30:44.129] [jointLog] [info] Fragment incompatibility prior below threshold.  Incompatible fragments will be ignored.
[2025-02-12 00:30:44.129] [jointLog] [info] Usage of --validateMappings implies use of minScoreFraction. Since not explicitly specified, it is being set to 0.65
[2025-02-12 00:30:44.130] [jointLog] [info] Setting consensusSlack to selective-alignment default of 0.35.
[2025-02-12 00:30:44.130] [jointLog] [info] parsing read library format
[2025-02-12 00:30:44.130] [jointLog] [info] There is 1 library.
[2025-02-12 00:30:44.130] [jointLog] [info] Loading pufferfish index
[2025-02-12 00:30:44.130] [jointLog] [info] Loading dense pufferfish index.
[2025-02-12 00:30:44.131] [jointLog] [info] done
[2025-02-12 00:30:44.195] [jointLog] [info] Index contained 50 targets
[2025-02-12 00:30:44.195] [jointLog] [info] Number of decoys : 0
[2025-02-12 00:30:44.336] [jointLog] [info] Automatically detected most likely library type as IU

[2025-02-12 00:30:44.391] [jointLog] [info] Computed 160 rich equivalence classes for further processing
[2025-02-12 00:30:44.391] [jointLog] [info] Counted 32,190 total reads in the equivalence classes 
[2025-02-12 00:30:44.394] [jointLog] [info] Number of mappings discarded because of alignment score : 1,893
[2025-02-12 00:30:44.394] [jointLog] [info] Number of fragments entirely discarded because of alignment score : 32
[2025-02-12 00:30:44.394] [jointLog] [info] Number of fragments discarded because they are best-mapped to decoys : 0
[2025-02-12 00:30:44.394] [jointLog] [info] Number of fragments discarded because they have only dovetail (discordant) mappings to valid targets : 32
[2025-02-12 00:30:44.394] [jointLog] [warning] Only 32190 fragments were mapped, but the number of burn-in fragments was set to 5000000.
The effective lengths have been computed using the observed mappings.

[2025-02-12 00:30:44.394] [jointLog] [info] Mapping rate = 99.9007%

[2025-02-12 00:30:44.394] [jointLog] [info] finished quantifyLibrary()
[2025-02-12 00:30:44.394] [jointLog] [info] Starting optimizer
[2025-02-12 00:30:44.395] [jointLog] [info] Marked 0 weighted equivalence classes as degenerate
[2025-02-12 00:30:44.395] [jointLog] [info] iteration = 0 | max rel diff. = 63.3392
[2025-02-12 00:30:44.398] [jointLog] [info] iteration = 100 | max rel diff. = 0.0324303
[2025-02-12 00:30:44.399] [jointLog] [info] iteration = 139 | max rel diff. = 0.000368572
[2025-02-12 00:30:44.399] [jointLog] [info] Finished optimizer
[2025-02-12 00:30:44.399] [jointLog] [info] writing output 

[2025-02-12 00:30:44.392] [fileLog] [info] 
At end of round 0
==================
Observed 32222 total fragments (32222 in most recent round)

