[2025-02-12 00:30:24.753] [jointLog] [info] setting maxHashResizeThreads to 4
[2025-02-12 00:30:24.753] [jointLog] [info] Fragment incompatibility prior below threshold.  Incompatible fragments will be ignored.
[2025-02-12 00:30:24.753] [jointLog] [info] Usage of --validateMappings implies use of minScoreFraction. Since not explicitly specified, it is being set to 0.65
[2025-02-12 00:30:24.753] [jointLog] [info] Setting consensusSlack to selective-alignment default of 0.35.
[2025-02-12 00:30:24.753] [jointLog] [info] parsing read library format
[2025-02-12 00:30:24.753] [jointLog] [info] There is 1 library.
[2025-02-12 00:30:24.753] [jointLog] [info] Loading pufferfish index
[2025-02-12 00:30:24.754] [jointLog] [info] Loading dense pufferfish index.
[2025-02-12 00:30:24.754] [jointLog] [info] done
[2025-02-12 00:30:24.820] [jointLog] [info] Index contained 50 targets
[2025-02-12 00:30:24.821] [jointLog] [info] Number of decoys : 0
[2025-02-12 00:30:24.963] [jointLog] [info] Automatically detected most likely library type as IU

[2025-02-12 00:30:25.020] [jointLog] [info] Computed 155 rich equivalence classes for further processing
[2025-02-12 00:30:25.020] [jointLog] [info] Counted 31,906 total reads in the equivalence classes 
[2025-02-12 00:30:25.022] [jointLog] [info] Number of mappings discarded because of alignment score : 1,967
[2025-02-12 00:30:25.022] [jointLog] [info] Number of fragments entirely discarded because of alignment score : 33
[2025-02-12 00:30:25.022] [jointLog] [info] Number of fragments discarded because they are best-mapped to decoys : 0
[2025-02-12 00:30:25.022] [jointLog] [info] Number of fragments discarded because they have only dovetail (discordant) mappings to valid targets : 29
[2025-02-12 00:30:25.022] [jointLog] [warning] Only 31906 fragments were mapped, but the number of burn-in fragments was set to 5000000.
The effective lengths have been computed using the observed mappings.

[2025-02-12 00:30:25.022] [jointLog] [info] Mapping rate = 99.8967%

[2025-02-12 00:30:25.022] [jointLog] [info] finished quantifyLibrary()
[2025-02-12 00:30:25.022] [jointLog] [info] Starting optimizer
[2025-02-12 00:30:25.023] [jointLog] [info] Marked 0 weighted equivalence classes as degenerate
[2025-02-12 00:30:25.023] [jointLog] [info] iteration = 0 | max rel diff. = 22.6196
[2025-02-12 00:30:25.026] [jointLog] [info] iteration = 100 | max rel diff. = 0.0468251
[2025-02-12 00:30:25.027] [jointLog] [info] iteration = 128 | max rel diff. = 0.000521257
[2025-02-12 00:30:25.027] [jointLog] [info] Finished optimizer
[2025-02-12 00:30:25.027] [jointLog] [info] writing output 

[2025-02-12 00:30:25.020] [fileLog] [info] 
At end of round 0
==================
Observed 31939 total fragments (31939 in most recent round)

