[2025-02-12 00:30:45.217] [jointLog] [info] setting maxHashResizeThreads to 4
[2025-02-12 00:30:45.217] [jointLog] [info] Fragment incompatibility prior below threshold.  Incompatible fragments will be ignored.
[2025-02-12 00:30:45.217] [jointLog] [info] Usage of --validateMappings implies use of minScoreFraction. Since not explicitly specified, it is being set to 0.65
[2025-02-12 00:30:45.217] [jointLog] [info] Setting consensusSlack to selective-alignment default of 0.35.
[2025-02-12 00:30:45.217] [jointLog] [info] parsing read library format
[2025-02-12 00:30:45.217] [jointLog] [info] There is 1 library.
[2025-02-12 00:30:45.217] [jointLog] [info] Loading pufferfish index
[2025-02-12 00:30:45.217] [jointLog] [info] Loading dense pufferfish index.
[2025-02-12 00:30:45.218] [jointLog] [info] done
[2025-02-12 00:30:45.282] [jointLog] [info] Index contained 50 targets
[2025-02-12 00:30:45.282] [jointLog] [info] Number of decoys : 0
[2025-02-12 00:30:45.423] [jointLog] [info] Automatically detected most likely library type as IU

[2025-02-12 00:30:45.472] [jointLog] [info] Computed 156 rich equivalence classes for further processing
[2025-02-12 00:30:45.472] [jointLog] [info] Counted 31,808 total reads in the equivalence classes 
[2025-02-12 00:30:45.475] [jointLog] [info] Number of mappings discarded because of alignment score : 1,970
[2025-02-12 00:30:45.475] [jointLog] [info] Number of fragments entirely discarded because of alignment score : 26
[2025-02-12 00:30:45.475] [jointLog] [info] Number of fragments discarded because they are best-mapped to decoys : 0
[2025-02-12 00:30:45.475] [jointLog] [info] Number of fragments discarded because they have only dovetail (discordant) mappings to valid targets : 27
[2025-02-12 00:30:45.475] [jointLog] [warning] Only 31808 fragments were mapped, but the number of burn-in fragments was set to 5000000.
The effective lengths have been computed using the observed mappings.

[2025-02-12 00:30:45.475] [jointLog] [info] Mapping rate = 99.9183%

[2025-02-12 00:30:45.475] [jointLog] [info] finished quantifyLibrary()
[2025-02-12 00:30:45.476] [jointLog] [info] Starting optimizer
[2025-02-12 00:30:45.476] [jointLog] [info] Marked 0 weighted equivalence classes as degenerate
[2025-02-12 00:30:45.477] [jointLog] [info] iteration = 0 | max rel diff. = 32.4614
[2025-02-12 00:30:45.479] [jointLog] [info] iteration = 100 | max rel diff. = 0.010931
[2025-02-12 00:30:45.483] [jointLog] [info] iteration = 200 | max rel diff. = 0.258575
[2025-02-12 00:30:45.483] [jointLog] [info] iteration = 206 | max rel diff. = 0.000717711
[2025-02-12 00:30:45.483] [jointLog] [info] Finished optimizer
[2025-02-12 00:30:45.483] [jointLog] [info] writing output 

[2025-02-12 00:30:45.473] [fileLog] [info] 
At end of round 0
==================
Observed 31834 total fragments (31834 in most recent round)

