[2025-02-12 00:30:45.234] [jointLog] [info] setting maxHashResizeThreads to 4
[2025-02-12 00:30:45.234] [jointLog] [info] Fragment incompatibility prior below threshold.  Incompatible fragments will be ignored.
[2025-02-12 00:30:45.234] [jointLog] [info] Usage of --validateMappings implies use of minScoreFraction. Since not explicitly specified, it is being set to 0.65
[2025-02-12 00:30:45.235] [jointLog] [info] Setting consensusSlack to selective-alignment default of 0.35.
[2025-02-12 00:30:45.235] [jointLog] [info] parsing read library format
[2025-02-12 00:30:45.235] [jointLog] [info] There is 1 library.
[2025-02-12 00:30:45.235] [jointLog] [info] Loading pufferfish index
[2025-02-12 00:30:45.235] [jointLog] [info] Loading dense pufferfish index.
[2025-02-12 00:30:45.236] [jointLog] [info] done
[2025-02-12 00:30:45.299] [jointLog] [info] Index contained 50 targets
[2025-02-12 00:30:45.299] [jointLog] [info] Number of decoys : 0
[2025-02-12 00:30:45.417] [jointLog] [info] Automatically detected most likely library type as IU

[2025-02-12 00:30:45.489] [jointLog] [info] Computed 168 rich equivalence classes for further processing
[2025-02-12 00:30:45.489] [jointLog] [info] Counted 32,474 total reads in the equivalence classes 
[2025-02-12 00:30:45.491] [jointLog] [info] Number of mappings discarded because of alignment score : 2,084
[2025-02-12 00:30:45.491] [jointLog] [info] Number of fragments entirely discarded because of alignment score : 27
[2025-02-12 00:30:45.491] [jointLog] [info] Number of fragments discarded because they are best-mapped to decoys : 0
[2025-02-12 00:30:45.491] [jointLog] [info] Number of fragments discarded because they have only dovetail (discordant) mappings to valid targets : 32
[2025-02-12 00:30:45.492] [jointLog] [warning] Only 32474 fragments were mapped, but the number of burn-in fragments was set to 5000000.
The effective lengths have been computed using the observed mappings.

[2025-02-12 00:30:45.492] [jointLog] [info] Mapping rate = 99.9169%

[2025-02-12 00:30:45.492] [jointLog] [info] finished quantifyLibrary()
[2025-02-12 00:30:45.492] [jointLog] [info] Starting optimizer
[2025-02-12 00:30:45.493] [jointLog] [info] Marked 0 weighted equivalence classes as degenerate
[2025-02-12 00:30:45.493] [jointLog] [info] iteration = 0 | max rel diff. = 42.2712
[2025-02-12 00:30:45.496] [jointLog] [info] iteration = 100 | max rel diff. = 0.00158952
[2025-02-12 00:30:45.496] [jointLog] [info] Finished optimizer
[2025-02-12 00:30:45.496] [jointLog] [info] writing output 

[2025-02-12 00:30:45.489] [fileLog] [info] 
At end of round 0
==================
Observed 32501 total fragments (32501 in most recent round)

