[2025-02-12 00:30:23.710] [jointLog] [info] setting maxHashResizeThreads to 4
[2025-02-12 00:30:23.710] [jointLog] [info] Fragment incompatibility prior below threshold.  Incompatible fragments will be ignored.
[2025-02-12 00:30:23.710] [jointLog] [info] Usage of --validateMappings implies use of minScoreFraction. Since not explicitly specified, it is being set to 0.65
[2025-02-12 00:30:23.710] [jointLog] [info] Setting consensusSlack to selective-alignment default of 0.35.
[2025-02-12 00:30:23.710] [jointLog] [info] parsing read library format
[2025-02-12 00:30:23.710] [jointLog] [info] There is 1 library.
[2025-02-12 00:30:23.710] [jointLog] [info] Loading pufferfish index
[2025-02-12 00:30:23.710] [jointLog] [info] Loading dense pufferfish index.
[2025-02-12 00:30:23.711] [jointLog] [info] done
[2025-02-12 00:30:23.775] [jointLog] [info] Index contained 50 targets
[2025-02-12 00:30:23.775] [jointLog] [info] Number of decoys : 0
[2025-02-12 00:30:23.904] [jointLog] [info] Automatically detected most likely library type as IU

[2025-02-12 00:30:23.965] [jointLog] [info] Computed 169 rich equivalence classes for further processing
[2025-02-12 00:30:23.965] [jointLog] [info] Counted 31,624 total reads in the equivalence classes 
[2025-02-12 00:30:23.967] [jointLog] [info] Number of mappings discarded because of alignment score : 1,852
[2025-02-12 00:30:23.967] [jointLog] [info] Number of fragments entirely discarded because of alignment score : 24
[2025-02-12 00:30:23.967] [jointLog] [info] Number of fragments discarded because they are best-mapped to decoys : 0
[2025-02-12 00:30:23.967] [jointLog] [info] Number of fragments discarded because they have only dovetail (discordant) mappings to valid targets : 21
[2025-02-12 00:30:23.967] [jointLog] [warning] Only 31624 fragments were mapped, but the number of burn-in fragments was set to 5000000.
The effective lengths have been computed using the observed mappings.

[2025-02-12 00:30:23.967] [jointLog] [info] Mapping rate = 99.9242%

[2025-02-12 00:30:23.967] [jointLog] [info] finished quantifyLibrary()
[2025-02-12 00:30:23.968] [jointLog] [info] Starting optimizer
[2025-02-12 00:30:23.968] [jointLog] [info] Marked 0 weighted equivalence classes as degenerate
[2025-02-12 00:30:23.968] [jointLog] [info] iteration = 0 | max rel diff. = 26.4824
[2025-02-12 00:30:23.971] [jointLog] [info] iteration = 100 | max rel diff. = 0.0431329
[2025-02-12 00:30:23.972] [jointLog] [info] iteration = 131 | max rel diff. = 0.000501427
[2025-02-12 00:30:23.972] [jointLog] [info] Finished optimizer
[2025-02-12 00:30:23.972] [jointLog] [info] writing output 

[2025-02-12 00:30:23.965] [fileLog] [info] 
At end of round 0
==================
Observed 31648 total fragments (31648 in most recent round)

