[2025-02-12 00:30:23.696] [jointLog] [info] setting maxHashResizeThreads to 4
[2025-02-12 00:30:23.696] [jointLog] [info] Fragment incompatibility prior below threshold.  Incompatible fragments will be ignored.
[2025-02-12 00:30:23.696] [jointLog] [info] Usage of --validateMappings implies use of minScoreFraction. Since not explicitly specified, it is being set to 0.65
[2025-02-12 00:30:23.696] [jointLog] [info] Setting consensusSlack to selective-alignment default of 0.35.
[2025-02-12 00:30:23.696] [jointLog] [info] parsing read library format
[2025-02-12 00:30:23.696] [jointLog] [info] There is 1 library.
[2025-02-12 00:30:23.696] [jointLog] [info] Loading pufferfish index
[2025-02-12 00:30:23.696] [jointLog] [info] Loading dense pufferfish index.
[2025-02-12 00:30:23.697] [jointLog] [info] done
[2025-02-12 00:30:23.761] [jointLog] [info] Index contained 50 targets
[2025-02-12 00:30:23.761] [jointLog] [info] Number of decoys : 0
[2025-02-12 00:30:23.887] [jointLog] [info] Automatically detected most likely library type as IU

[2025-02-12 00:30:23.948] [jointLog] [info] Computed 160 rich equivalence classes for further processing
[2025-02-12 00:30:23.948] [jointLog] [info] Counted 32,590 total reads in the equivalence classes 
[2025-02-12 00:30:23.951] [jointLog] [info] Number of mappings discarded because of alignment score : 1,967
[2025-02-12 00:30:23.951] [jointLog] [info] Number of fragments entirely discarded because of alignment score : 28
[2025-02-12 00:30:23.951] [jointLog] [info] Number of fragments discarded because they are best-mapped to decoys : 0
[2025-02-12 00:30:23.951] [jointLog] [info] Number of fragments discarded because they have only dovetail (discordant) mappings to valid targets : 30
[2025-02-12 00:30:23.951] [jointLog] [warning] Only 32590 fragments were mapped, but the number of burn-in fragments was set to 5000000.
The effective lengths have been computed using the observed mappings.

[2025-02-12 00:30:23.951] [jointLog] [info] Mapping rate = 99.9142%

[2025-02-12 00:30:23.951] [jointLog] [info] finished quantifyLibrary()
[2025-02-12 00:30:23.952] [jointLog] [info] Starting optimizer
[2025-02-12 00:30:23.952] [jointLog] [info] Marked 0 weighted equivalence classes as degenerate
[2025-02-12 00:30:23.952] [jointLog] [info] iteration = 0 | max rel diff. = 64.1382
[2025-02-12 00:30:23.955] [jointLog] [info] iteration = 100 | max rel diff. = 0.0169998
[2025-02-12 00:30:23.958] [jointLog] [info] iteration = 174 | max rel diff. = 0.000291608
[2025-02-12 00:30:23.958] [jointLog] [info] Finished optimizer
[2025-02-12 00:30:23.958] [jointLog] [info] writing output 

[2025-02-12 00:30:23.949] [fileLog] [info] 
At end of round 0
==================
Observed 32618 total fragments (32618 in most recent round)

