[2025-02-12 00:30:45.209] [jointLog] [info] setting maxHashResizeThreads to 4
[2025-02-12 00:30:45.209] [jointLog] [info] Fragment incompatibility prior below threshold.  Incompatible fragments will be ignored.
[2025-02-12 00:30:45.209] [jointLog] [info] Usage of --validateMappings implies use of minScoreFraction. Since not explicitly specified, it is being set to 0.65
[2025-02-12 00:30:45.209] [jointLog] [info] Setting consensusSlack to selective-alignment default of 0.35.
[2025-02-12 00:30:45.209] [jointLog] [info] parsing read library format
[2025-02-12 00:30:45.209] [jointLog] [info] There is 1 library.
[2025-02-12 00:30:45.209] [jointLog] [info] Loading pufferfish index
[2025-02-12 00:30:45.209] [jointLog] [info] Loading dense pufferfish index.
[2025-02-12 00:30:45.210] [jointLog] [info] done
[2025-02-12 00:30:45.271] [jointLog] [info] Index contained 50 targets
[2025-02-12 00:30:45.271] [jointLog] [info] Number of decoys : 0
[2025-02-12 00:30:45.391] [jointLog] [info] Automatically detected most likely library type as IU

[2025-02-12 00:30:45.454] [jointLog] [info] Computed 152 rich equivalence classes for further processing
[2025-02-12 00:30:45.454] [jointLog] [info] Counted 32,203 total reads in the equivalence classes 
[2025-02-12 00:30:45.456] [jointLog] [info] Number of mappings discarded because of alignment score : 1,948
[2025-02-12 00:30:45.456] [jointLog] [info] Number of fragments entirely discarded because of alignment score : 37
[2025-02-12 00:30:45.456] [jointLog] [info] Number of fragments discarded because they are best-mapped to decoys : 0
[2025-02-12 00:30:45.456] [jointLog] [info] Number of fragments discarded because they have only dovetail (discordant) mappings to valid targets : 31
[2025-02-12 00:30:45.456] [jointLog] [warning] Only 32203 fragments were mapped, but the number of burn-in fragments was set to 5000000.
The effective lengths have been computed using the observed mappings.

[2025-02-12 00:30:45.456] [jointLog] [info] Mapping rate = 99.8852%

[2025-02-12 00:30:45.456] [jointLog] [info] finished quantifyLibrary()
[2025-02-12 00:30:45.457] [jointLog] [info] Starting optimizer
[2025-02-12 00:30:45.458] [jointLog] [info] Marked 0 weighted equivalence classes as degenerate
[2025-02-12 00:30:45.458] [jointLog] [info] iteration = 0 | max rel diff. = 21.988
[2025-02-12 00:30:45.461] [jointLog] [info] iteration = 100 | max rel diff. = 11.5175
[2025-02-12 00:30:45.461] [jointLog] [info] iteration = 102 | max rel diff. = 0.000627515
[2025-02-12 00:30:45.461] [jointLog] [info] Finished optimizer
[2025-02-12 00:30:45.461] [jointLog] [info] writing output 

[2025-02-12 00:30:45.455] [fileLog] [info] 
At end of round 0
==================
Observed 32240 total fragments (32240 in most recent round)

