[2025-02-12 00:26:24.524] [puff::index::jointLog] [info] Running fixFasta
[2025-02-12 00:26:24.547] [puff::index::jointLog] [info] Replaced 0 non-ATCG nucleotides
[2025-02-12 00:26:24.547] [puff::index::jointLog] [info] Clipped poly-A tails from 19 transcripts
[2025-02-12 00:26:24.552] [puff::index::jointLog] [info] Filter size not provided; estimating from number of distinct k-mers
[2025-02-12 00:26:24.555] [puff::index::jointLog] [info] ntHll estimated 80128 distinct k-mers, setting filter size to 2^21
[2025-02-12 00:26:25.170] [puff::index::jointLog] [info] Starting the Pufferfish indexing by reading the GFA binary file.
[2025-02-12 00:26:25.170] [puff::index::jointLog] [info] Setting the index/BinaryGfa directory Salmon_index
[2025-02-12 00:26:25.170] [puff::index::jointLog] [info] Done wrapping the rank vector with a rank9sel structure.
[2025-02-12 00:26:25.170] [puff::index::jointLog] [info] contig count for validation: 111
[2025-02-12 00:26:25.170] [puff::index::jointLog] [info] Total # of Contigs : 111
[2025-02-12 00:26:25.170] [puff::index::jointLog] [info] Total # of numerical Contigs : 111
[2025-02-12 00:26:25.170] [puff::index::jointLog] [info] Total # of contig vec entries: 332
[2025-02-12 00:26:25.170] [puff::index::jointLog] [info] bits per offset entry 9
[2025-02-12 00:26:25.170] [puff::index::jointLog] [info] Done constructing the contig vector. 112
[2025-02-12 00:26:25.171] [puff::index::jointLog] [info] # segments = 111
[2025-02-12 00:26:25.171] [puff::index::jointLog] [info] total length = 74,581
[2025-02-12 00:26:25.171] [puff::index::jointLog] [info] Reading the reference files ...
[2025-02-12 00:26:25.172] [puff::index::jointLog] [info] positional integer width = 17
[2025-02-12 00:26:25.172] [puff::index::jointLog] [info] seqSize = 74,581
[2025-02-12 00:26:25.173] [puff::index::jointLog] [info] rankSize = 74,581
[2025-02-12 00:26:25.173] [puff::index::jointLog] [info] edgeVecSize = 0
[2025-02-12 00:26:25.173] [puff::index::jointLog] [info] num keys = 71,251
[2025-02-12 00:26:25.188] [puff::index::jointLog] [info] mphf size = 0.0452118 MB
[2025-02-12 00:26:25.188] [puff::index::jointLog] [info] chunk size = 37,291
[2025-02-12 00:26:25.188] [puff::index::jointLog] [info] chunk 0 = [0, 37,291)
[2025-02-12 00:26:25.188] [puff::index::jointLog] [info] chunk 1 = [37,291, 74,551)
[2025-02-12 00:26:25.193] [puff::index::jointLog] [info] finished populating pos vector
[2025-02-12 00:26:25.193] [puff::index::jointLog] [info] writing index components
[2025-02-12 00:26:25.193] [puff::index::jointLog] [info] finished writing dense pufferfish index
