[2025-02-12 00:30:23.708] [jointLog] [info] setting maxHashResizeThreads to 4
[2025-02-12 00:30:23.708] [jointLog] [info] Fragment incompatibility prior below threshold.  Incompatible fragments will be ignored.
[2025-02-12 00:30:23.708] [jointLog] [info] Usage of --validateMappings implies use of minScoreFraction. Since not explicitly specified, it is being set to 0.65
[2025-02-12 00:30:23.708] [jointLog] [info] Setting consensusSlack to selective-alignment default of 0.35.
[2025-02-12 00:30:23.708] [jointLog] [info] parsing read library format
[2025-02-12 00:30:23.708] [jointLog] [info] There is 1 library.
[2025-02-12 00:30:23.709] [jointLog] [info] Loading pufferfish index
[2025-02-12 00:30:23.709] [jointLog] [info] Loading dense pufferfish index.
[2025-02-12 00:30:23.709] [jointLog] [info] done
[2025-02-12 00:30:23.774] [jointLog] [info] Index contained 50 targets
[2025-02-12 00:30:23.774] [jointLog] [info] Number of decoys : 0
[2025-02-12 00:30:23.900] [jointLog] [info] Automatically detected most likely library type as IU

[2025-02-12 00:30:23.959] [jointLog] [info] Computed 148 rich equivalence classes for further processing
[2025-02-12 00:30:23.959] [jointLog] [info] Counted 32,153 total reads in the equivalence classes 
[2025-02-12 00:30:23.962] [jointLog] [info] Number of mappings discarded because of alignment score : 1,930
[2025-02-12 00:30:23.962] [jointLog] [info] Number of fragments entirely discarded because of alignment score : 24
[2025-02-12 00:30:23.962] [jointLog] [info] Number of fragments discarded because they are best-mapped to decoys : 0
[2025-02-12 00:30:23.962] [jointLog] [info] Number of fragments discarded because they have only dovetail (discordant) mappings to valid targets : 20
[2025-02-12 00:30:23.962] [jointLog] [warning] Only 32153 fragments were mapped, but the number of burn-in fragments was set to 5000000.
The effective lengths have been computed using the observed mappings.

[2025-02-12 00:30:23.962] [jointLog] [info] Mapping rate = 99.9254%

[2025-02-12 00:30:23.962] [jointLog] [info] finished quantifyLibrary()
[2025-02-12 00:30:23.962] [jointLog] [info] Starting optimizer
[2025-02-12 00:30:23.963] [jointLog] [info] Marked 0 weighted equivalence classes as degenerate
[2025-02-12 00:30:23.963] [jointLog] [info] iteration = 0 | max rel diff. = 106.108
[2025-02-12 00:30:23.966] [jointLog] [info] iteration = 100 | max rel diff. = 0.0208819
[2025-02-12 00:30:23.967] [jointLog] [info] iteration = 159 | max rel diff. = 0.000648748
[2025-02-12 00:30:23.967] [jointLog] [info] Finished optimizer
[2025-02-12 00:30:23.967] [jointLog] [info] writing output 

[2025-02-12 00:30:23.960] [fileLog] [info] 
At end of round 0
==================
Observed 32177 total fragments (32177 in most recent round)

